...Loading gt encoding map.
...Done loading gt encoding map.
...Loading pos encoding map.
...Done loading pos encoding map.
...Reading genotypes.
...Done reading genotypes.
...Transposing data.
...Done transposing data.
...Writing gt encodings to file: example/segments/chrm8.segment.0.gt.
...Writing pos encodings to file: example/segments/chrm8.segment.0.pos.
...Done writing sample major format.
...Loading gt encoding map.
...Done loading gt encoding map.
...Loading pos encoding map.
...Done loading pos encoding map.
...Reading genotypes.
...Done reading genotypes.
...Transposing data.
...Done transposing data.
...Writing gt encodings to file: example/segments/chrm8.segment.1.gt.
...Writing pos encodings to file: example/segments/chrm8.segment.1.pos.
...Done writing sample major format.
...Loading gt encoding map.
...Done loading gt encoding map.
...Loading pos encoding map.
...Done loading pos encoding map.
...Reading genotypes.
...Done reading genotypes.
...Transposing data.
...Done transposing data.
...Writing gt encodings to file: example/segments/chrm8.segment.2.gt.
...Writing pos encodings to file: example/segments/chrm8.segment.2.pos.
...Done writing sample major format.
...Loading gt encoding map.
...Done loading gt encoding map.
...Loading pos encoding map.
...Done loading pos encoding map.
...Reading genotypes.
...Done reading genotypes.
...Transposing data.
...Done transposing data.
...Writing gt encodings to file: example/segments/chrm8.segment.3.gt.
...Writing pos encodings to file: example/segments/chrm8.segment.3.pos.
...Done writing sample major format.
...Loading gt encoding map.
...Done loading gt encoding map.
...Loading pos encoding map.
...Done loading pos encoding map.
...Reading genotypes.
...Done reading genotypes.
...Transposing data.
...Done transposing data.
...Writing gt encodings to file: example/segments/chrm8.segment.4.gt.
...Writing pos encodings to file: example/segments/chrm8.segment.4.pos.
...Done writing sample major format.
