PLINK v1.90b6.21 64-bit (19 Oct 2020)
Options in effect:
  --out /home/sdp/pmed-local/data/small/plink_map
  --output-missing-genotype .
  --recode 01
  --vcf /home/sdp/pmed-local/data/small/small.vcf.gz
  --vcf-half-call m

Hostname: sdp
Working directory: /home/sdp/precision-medicine
Start time: Thu Feb  9 11:00:11 2023

Random number seed: 1675969211
385624 MB RAM detected; reserving 192812 MB for main workspace.
--vcf: /home/sdp/pmed-local/data/small/plink_map-temporary.bed +
/home/sdp/pmed-local/data/small/plink_map-temporary.bim +
/home/sdp/pmed-local/data/small/plink_map-temporary.fam written.
95446 variants loaded from .bim file.
3202 people (0 males, 0 females, 3202 ambiguous) loaded from .fam.
Ambiguous sex IDs written to /home/sdp/pmed-local/data/small/plink_map.nosex .
Using 1 thread (no multithreaded calculations invoked).
Before main variant filters, 3202 founders and 0 nonfounders present.
Calculating allele frequencies... done.
95446 variants and 3202 people pass filters and QC.
Note: No phenotypes present.
--recode ped to /home/sdp/pmed-local/data/small/plink_map.ped +
/home/sdp/pmed-local/data/small/plink_map.map ... done.

End time: Thu Feb  9 11:00:22 2023
