PLINK v1.90b6.21 64-bit (19 Oct 2020)
Options in effect:
  --genome
  --out /home/sdp/precision-medicine/data/example_data/plink
  --vcf /home/sdp/precision-medicine/data/example_data/example.vcf

Hostname: sdp
Working directory: /home/sdp/precision-medicine
Start time: Mon Jan  9 16:25:34 2023

Random number seed: 1673310334
385624 MB RAM detected; reserving 192812 MB for main workspace.
--vcf: /home/sdp/precision-medicine/data/example_data/plink-temporary.bed +
/home/sdp/precision-medicine/data/example_data/plink-temporary.bim +
/home/sdp/precision-medicine/data/example_data/plink-temporary.fam written.
15 variants loaded from .bim file.
162 people (0 males, 0 females, 162 ambiguous) loaded from .fam.
Ambiguous sex IDs written to
/home/sdp/precision-medicine/data/example_data/plink.nosex .
Using up to 111 threads (change this with --threads).
Before main variant filters, 162 founders and 0 nonfounders present.
Calculating allele frequencies... done.
15 variants and 162 people pass filters and QC.
Note: No phenotypes present.
IBD calculations complete.
Finished writing /home/sdp/precision-medicine/data/example_data/plink.genome .

End time: Mon Jan  9 16:25:34 2023
