Building DAG of jobs...
Your conda installation is not configured to use strict channel priorities. This is however crucial for having robust and correct environments (for details, see https://conda-forge.org/docs/user/tipsandtricks.html). Please consider to configure strict priorities by executing 'conda config --set channel_priority strict'.
Using shell: /usr/bin/bash
Provided cores: 16
Rules claiming more threads will be scaled down.
Job stats:
job                              count    min threads    max threads
-----------------------------  -------  -------------  -------------
all                                  1              1              1
get_sample_IDs                       1              1              1
interpilate_map_execute              1              1              1
segment_boundary_file_execute        1              1              1
slice_VCF                            1              1              1
vcf_bp                               1              1              1
total                                6              1              1

Select jobs to execute...

[Mon Jul  3 11:54:37 2023]
Job 1: Creating a list of all sample IDs...
Reason: Missing output files: example/sample_IDs.txt

Activating conda environment: .snakemake/conda/8c5db1c4a6ca5be10c86be202591fdad_

[Mon Jul  3 11:54:37 2023]
rule vcf_bp:
    input: example/example_merge.vcf.gz
    output: example/vcf_bp.txt
    jobid: 2
    reason: Missing output files: example/vcf_bp.txt
    resources: tmpdir=/tmp

Activating conda environment: .snakemake/conda/8c5db1c4a6ca5be10c86be202591fdad_
[Mon Jul  3 11:54:38 2023]
Finished job 1.
1 of 6 steps (17%) done
[Mon Jul  3 11:54:40 2023]
Finished job 2.
2 of 6 steps (33%) done
Select jobs to execute...

[Mon Jul  3 11:54:40 2023]
Job 4: Executing--interpolate map file...
Reason: Missing output files: example/interpolated.map; Input files updated by another job: example/vcf_bp.txt

Activating conda environment: .snakemake/conda/8c5db1c4a6ca5be10c86be202591fdad_
[Mon Jul  3 11:54:44 2023]
Finished job 4.
3 of 6 steps (50%) done
Select jobs to execute...

[Mon Jul  3 11:54:44 2023]
Job 5: Executing--write segment boundary file...
Reason: Missing output files: example/segment_boundary.map; Input files updated by another job: example/interpolated.map

Activating conda environment: .snakemake/conda/8c5db1c4a6ca5be10c86be202591fdad_
[Mon Jul  3 11:54:45 2023]
Finished job 5.
4 of 6 steps (67%) done
Select jobs to execute...

[Mon Jul  3 11:54:45 2023]
Job 7: Slicing VCF into segments...
Reason: Missing output files: example/vcf_segments/vcf_slices.done; Input files updated by another job: example/segment_boundary.map

Activating conda environment: .snakemake/conda/8c5db1c4a6ca5be10c86be202591fdad_
[Mon Jul  3 11:55:00 2023]
Finished job 7.
5 of 6 steps (83%) done
Select jobs to execute...

[Mon Jul  3 11:55:00 2023]
localrule all:
    input: example/sample_IDs.txt, example/vcf_bp.txt, cpp/bin/interpolate-map, example/interpolated.map, example/segment_boundary.map, example/vcf_segments/vcf_slices.done
    jobid: 0
    reason: Input files updated by another job: example/vcf_segments/vcf_slices.done, example/interpolated.map, example/segment_boundary.map, example/vcf_bp.txt, example/sample_IDs.txt
    resources: tmpdir=/tmp

[Mon Jul  3 11:55:01 2023]
Finished job 0.
6 of 6 steps (100%) done
Complete log: .snakemake/log/2023-07-03T115432.375854.snakemake.log
Building DAG of jobs...
Your conda installation is not configured to use strict channel priorities. This is however crucial for having robust and correct environments (for details, see https://conda-forge.org/docs/user/tipsandtricks.html). Please consider to configure strict priorities by executing 'conda config --set channel_priority strict'.
Using shell: /usr/bin/bash
Provided cores: 16
Rules claiming more threads will be scaled down.
Job stats:
job               count    min threads    max threads
--------------  -------  -------------  -------------
all                   1              1              1
encode_execute        4              1              1
total                 5              1              1

Select jobs to execute...

[Mon Jul  3 11:55:07 2023]
Job 1: Executing--encoding segments...
Reason: Missing output files: example/encodings/chrm2.segment0.gt, example/encodings/chrm2.segment0.pos

Activating conda environment: .snakemake/conda/8c5db1c4a6ca5be10c86be202591fdad_

[Mon Jul  3 11:55:07 2023]
Job 2: Executing--encoding segments...
Reason: Missing output files: example/encodings/chrm3.segment0.pos, example/encodings/chrm3.segment0.gt

Activating conda environment: .snakemake/conda/8c5db1c4a6ca5be10c86be202591fdad_

[Mon Jul  3 11:55:07 2023]
Job 3: Executing--encoding segments...
Reason: Missing output files: example/encodings/chrm1.segment0.pos, example/encodings/chrm1.segment0.gt

Activating conda environment: .snakemake/conda/8c5db1c4a6ca5be10c86be202591fdad_

[Mon Jul  3 11:55:07 2023]
Job 4: Executing--encoding segments...
Reason: Missing output files: example/encodings/chrm4.segment0.pos, example/encodings/chrm4.segment0.gt

Activating conda environment: .snakemake/conda/8c5db1c4a6ca5be10c86be202591fdad_
[Mon Jul  3 11:55:24 2023]
Finished job 3.
1 of 5 steps (20%) done
[Mon Jul  3 11:56:05 2023]
Finished job 4.
2 of 5 steps (40%) done
[Mon Jul  3 11:56:06 2023]
Finished job 1.
3 of 5 steps (60%) done
[Mon Jul  3 11:56:14 2023]
Finished job 2.
4 of 5 steps (80%) done
Select jobs to execute...

[Mon Jul  3 11:56:14 2023]
localrule all:
    input: example/encodings/chrm2.segment0.gt, example/encodings/chrm3.segment0.gt, example/encodings/chrm1.segment0.gt, example/encodings/chrm4.segment0.gt, example/encodings/chrm2.segment0.pos, example/encodings/chrm3.segment0.pos, example/encodings/chrm1.segment0.pos, example/encodings/chrm4.segment0.pos
    jobid: 0
    reason: Input files updated by another job: example/encodings/chrm1.segment0.pos, example/encodings/chrm2.segment0.gt, example/encodings/chrm4.segment0.gt, example/encodings/chrm2.segment0.pos, example/encodings/chrm1.segment0.gt, example/encodings/chrm3.segment0.pos, example/encodings/chrm3.segment0.gt, example/encodings/chrm4.segment0.pos
    resources: tmpdir=/tmp

[Mon Jul  3 11:56:14 2023]
Finished job 0.
5 of 5 steps (100%) done
Complete log: .snakemake/log/2023-07-03T115501.938711.snakemake.log
Building DAG of jobs...
Your conda installation is not configured to use strict channel priorities. This is however crucial for having robust and correct environments (for details, see https://conda-forge.org/docs/user/tipsandtricks.html). Please consider to configure strict priorities by executing 'conda config --set channel_priority strict'.
Using shell: /usr/bin/bash
Provided cluster nodes: 10
Job stats:
job                       count    min threads    max threads
----------------------  -------  -------------  -------------
all                           1              1              1
hap_IDs                       1              1              1
model                         1              1              1
remove_empty_encodings        1              1              1
split_embeddings              1              1              1
total                         5              1              1

Select jobs to execute...

[Mon Jul  3 11:56:21 2023]
Job 1: Removing positional encodings with empty entries
Reason: Missing output files: example/log/zeros.log

Submitted job 1 with external jobid 'Submitted batch job 9054730'.

[Mon Jul  3 11:56:23 2023]
Job 2: Getting haplotype IDs from encoding file...
Reason: Missing output files: example/sample_hap_IDs.txt

Submitted job 2 with external jobid 'Submitted batch job 9054731'.
[Mon Jul  3 11:56:31 2023]
Finished job 1.
1 of 5 steps (20%) done
Select jobs to execute...

[Mon Jul  3 11:56:31 2023]
Job 3: Running model to create embedding vectors...
Reason: Missing output files: example/log/model.log; Input files updated by another job: example/log/zeros.log

Submitted job 3 with external jobid 'Submitted batch job 9054732'.
[Mon Jul  3 11:56:41 2023]
Finished job 2.
2 of 5 steps (40%) done
[Mon Jul  3 11:58:01 2023]
Finished job 3.
3 of 5 steps (60%) done
Select jobs to execute...

[Mon Jul  3 11:58:01 2023]
Job 4: Splitting full embedding file into segments...
Reason: Missing output files: example/log/embeddings.log; Input files updated by another job: example/log/model.log

Submitted job 4 with external jobid 'Submitted batch job 9054733'.
[Mon Jul  3 11:58:11 2023]
Error in rule split_embeddings:
    jobid: 4
    input: example/log/model.log
    log: example/log/embeddings.log (check log file(s) for error details)
    conda-env: /Users/krsc0813/precision-medicine/.snakemake/conda/8c5db1c4a6ca5be10c86be202591fdad_
    shell:
        python python/scripts/split_embeddings.py       --emb_dir example/embeddings/	--all_emb example/embeddings/chrm10.embeddings.txt
        (one of the commands exited with non-zero exit code; note that snakemake uses bash strict mode!)
    cluster_jobid: Submitted batch job 9054733

Error executing rule split_embeddings on cluster (jobid: 4, external: Submitted batch job 9054733, jobscript: /Users/krsc0813/precision-medicine/.snakemake/tmp.saeejib8/snakejob.split_embeddings.4.sh). For error details see the cluster log and the log files of the involved rule(s).
Shutting down, this might take some time.
Exiting because a job execution failed. Look above for error message
Complete log: .snakemake/log/2023-07-03T115615.854344.snakemake.log
