Reading in vcf basepair file: example/vcf_bp.txt
Reading in plink map file: example/example_merge.map
chrom: 1
chrom: 2
chrom: 3
chrom: 4
Writing output file: example/interpolated.map
chr1 -> 1
4210
chr2 -> 2
13667
chr3 -> 3
16531
chr4 -> 4
14821
1. ---SLICING VCF INTO SEGMENTS---
segment 0
segment 0
segment 0
segment 0
2. ---ENCODING VCF SEGMENTS---
2. ---ENCODING VCF SEGMENTS---
2. ---ENCODING VCF SEGMENTS---
...Loading gt encoding map.
...Done loading gt encoding map.
...Loading pos encoding map.
...Loading gt encoding map.
...Done loading gt encoding map.
...Loading pos encoding map.
...Loading gt encoding map.
...Done loading gt encoding map.
...Loading pos encoding map.
2. ---ENCODING VCF SEGMENTS---
...Loading gt encoding map.
...Done loading gt encoding map.
...Loading pos encoding map.
...Done loading pos encoding map.
chrm2.segment0.vcf.gz example/vcf_segments/chrm2.segment0.vcf.gz
...Done loading pos encoding map.
chrm4.segment0.vcf.gz example/vcf_segments/chrm4.segment0.vcf.gz
...Done loading pos encoding map.
chrm1.segment0.vcf.gz example/vcf_segments/chrm1.segment0.vcf.gz
...Reading genotypes.
...Reading genotypes.
...Reading genotypes.
...Done loading pos encoding map.
chrm3.segment0.vcf.gz example/vcf_segments/chrm3.segment0.vcf.gz
...Reading genotypes.
...Done reading genotypes.
...Transposing data.
...Done transposing data.
...Writing gt encodings to file: example/encodings/chrm1.segment0.gt.
...Writing pos encodings to file: example/encodings/chrm1.segment0.pos.
...Done writing sample major format.
...Done reading genotypes.
...Transposing data.
...Done reading genotypes.
...Transposing data.
...Done reading genotypes.
...Transposing data.
...Done transposing data.
...Writing gt encodings to file: example/encodings/chrm2.segment0.gt.
...Done transposing data.
...Writing gt encodings to file: example/encodings/chrm4.segment0.gt.
...Done transposing data.
...Writing gt encodings to file: example/encodings/chrm3.segment0.gt.
...Writing pos encodings to file: example/encodings/chrm2.segment0.pos.
...Writing pos encodings to file: example/encodings/chrm4.segment0.pos.
...Done writing sample major format.
...Done writing sample major format.
...Writing pos encodings to file: example/encodings/chrm3.segment0.pos.
...Done writing sample major format.
['chrm2.segment0', 'chrm3.segment0', 'chrm1.segment0', 'chrm4.segment0']
1688406975.079
